Binding on line 6: boolean was declared as <type decl> boolean in the library
Binding on line 8: x was declared as <param decl> x on line 6
Binding on line 8: eol was declared as <ConstDecl> eol on line 0
Binding on line 8: write was declared as <proc decl> write in the library
Error at line 12: Name false is unknown!
Binding on line 12: test was declared as <proc decl> test on line 6
Error at line 12: Name true is unknown!
Binding on line 12: test was declared as <proc decl> test on line 6
Binding on line 18: boolean was declared as <type decl> boolean in the library
Binding on line 18: boolean was declared as <type decl> boolean in the library
Binding on line 20: x was declared as <param decl> x on line 18
Binding on line 20: y was declared as <param decl> y on line 18
Binding on line 20: x was declared as <param decl> x on line 18
Binding on line 20: y was declared as <param decl> y on line 18
Binding on line 20: eol was declared as <ConstDecl> eol on line 0
Binding on line 20: write was declared as <proc decl> write in the library
Binding on line 21: x was declared as <param decl> x on line 18
Binding on line 21: y was declared as <param decl> y on line 18
Binding on line 21: x was declared as <param decl> x on line 18
Binding on line 21: y was declared as <param decl> y on line 18
Binding on line 21: eol was declared as <ConstDecl> eol on line 0
Binding on line 21: write was declared as <proc decl> write in the library
Error at line 25: Name false is unknown!
Error at line 25: Name false is unknown!
Binding on line 25: test was declared as <proc decl> test on line 18
Error at line 25: Name false is unknown!
Error at line 25: Name true is unknown!
Binding on line 25: test was declared as <proc decl> test on line 18
Error at line 26: Name true is unknown!
Error at line 26: Name false is unknown!
Binding on line 26: test was declared as <proc decl> test on line 18
Error at line 26: Name true is unknown!
Error at line 26: Name true is unknown!
Binding on line 26: test was declared as <proc decl> test on line 18
Binding on line 32: integer was declared as <type decl> integer in the library
Binding on line 34: x was declared as <param decl> x on line 32
Binding on line 34: x was declared as <param decl> x on line 32
Binding on line 34: eol was declared as <ConstDecl> eol on line 0
Binding on line 34: write was declared as <proc decl> write in the library
Binding on line 35: x was declared as <param decl> x on line 32
Binding on line 35: x was declared as <param decl> x on line 32
Binding on line 35: eol was declared as <ConstDecl> eol on line 0
Binding on line 35: write was declared as <proc decl> write in the library
Binding on line 39: test was declared as <proc decl> test on line 32
Binding on line 39: test was declared as <proc decl> test on line 32
Binding on line 39: test was declared as <proc decl> test on line 32
Binding on line 45: integer was declared as <type decl> integer in the library
Binding on line 45: integer was declared as <type decl> integer in the library
Binding on line 47: x was declared as <param decl> x on line 45
Binding on line 47: y was declared as <param decl> y on line 45
Binding on line 47: x was declared as <param decl> x on line 45
Binding on line 47: y was declared as <param decl> y on line 45
Binding on line 47: eol was declared as <ConstDecl> eol on line 0
Binding on line 47: write was declared as <proc decl> write in the library
Binding on line 48: x was declared as <param decl> x on line 45
Binding on line 48: y was declared as <param decl> y on line 45
Binding on line 48: x was declared as <param decl> x on line 45
Binding on line 48: y was declared as <param decl> y on line 45
Binding on line 48: eol was declared as <ConstDecl> eol on line 0
Binding on line 48: write was declared as <proc decl> write in the library
Binding on line 49: x was declared as <param decl> x on line 45
Binding on line 49: y was declared as <param decl> y on line 45
Binding on line 49: x was declared as <param decl> x on line 45
Binding on line 49: y was declared as <param decl> y on line 45
Binding on line 49: eol was declared as <ConstDecl> eol on line 0
Binding on line 49: write was declared as <proc decl> write in the library
Binding on line 50: y was declared as <param decl> y on line 45
Binding on line 57: test was declared as <proc decl> test on line 45
Binding on line 57: test was declared as <proc decl> test on line 45
Binding on line 57: test was declared as <proc decl> test on line 45
Binding on line 58: test was declared as <proc decl> test on line 45
Binding on line 58: test was declared as <proc decl> test on line 45
Binding on line 58: test was declared as <proc decl> test on line 45
Binding on line 59: test was declared as <proc decl> test on line 45
Binding on line 59: test was declared as <proc decl> test on line 45
Binding on line 59: test was declared as <proc decl> test on line 45
Binding on line 64: testunaryboolean was declared as <proc decl> testunaryboolean on line 4
Binding on line 64: testunarynumeric was declared as <proc decl> testunarynumeric on line 30
Binding on line 65: testbinaryboolean was declared as <proc decl> testbinaryboolean on line 16
Binding on line 65: testbinarynumeric was declared as <proc decl> testbinarynumeric on line 43
