   1: program TenStars; 
Parser:   <program>
   2: const N	=  10; 
Parser:     <block>
Parser:       <const decl part>
Parser:         <const decl>
Parser:           <constant>
Parser:             <unsigned constant>
Parser:               <number literal>
   3: var i : integer; 
Parser:               </number literal: 10>
Parser:             </unsigned constant>
Parser:           </constant>
Parser:         </const decl: n>
Parser:       </const decl part>
Parser:       <var decl part>
Parser:         <var decl>
Parser:           <type>
Parser:             <type name>
   4: begin 
Parser:             </type name>
Parser:           </type>
   5:    i := 0; 
Parser:         </var decl>
Parser:       </var decl part>
Parser:       <statm list>
Parser:         <statement>
Parser:           <assign statm>
Parser:             <variable>
Parser:             </variable: i>
Parser:             <expression>
Parser:               <simple expr>
Parser:                 <term>
Parser:                   <factor>
Parser:                     <unsigned constant>
Parser:                       <number literal>
   6:    while i < N do begin 
Parser:                       </number literal: 0>
Parser:                     </unsigned constant>
Parser:                   </factor>
Parser:                 </term>
Parser:               </simple expr>
Parser:             </expression>
Parser:           </assign statm>
Parser:         </statement>
Parser:         <statement>
Parser:           <while-statm>
Parser:             <expression>
Parser:               <simple expr>
Parser:                 <term>
Parser:                   <factor>
Parser:                     <variable>
Parser:                     </variable: i>
Parser:                   </factor>
Parser:                 </term>
Parser:               </simple expr>
Parser:               <rel opr>
Parser:               </rel opr: <>
Parser:               <simple expr>
Parser:                 <term>
Parser:                   <factor>
Parser:                     <variable>
Parser:                     </variable: n>
Parser:                   </factor>
Parser:                 </term>
Parser:               </simple expr>
Parser:             </expression>
   7:       write('*');  i := i + 1 
Parser:             <statement>
Parser:               <compound statm>
Parser:                 <statm list>
Parser:                   <statement>
Parser:                     <proc call>
Parser:                       <expression>
Parser:                         <simple expr>
Parser:                           <term>
Parser:                             <factor>
Parser:                               <unsigned constant>
Parser:                                 <char literal>
Parser:                                 </char literal: *>
Parser:                               </unsigned constant>
Parser:                             </factor>
Parser:                           </term>
Parser:                         </simple expr>
Parser:                       </expression>
Parser:                     </proc call>
Parser:                   </statement>
Parser:                   <statement>
Parser:                     <assign statm>
Parser:                       <variable>
Parser:                       </variable: i>
Parser:                       <expression>
Parser:                         <simple expr>
Parser:                           <term>
Parser:                             <factor>
Parser:                               <variable>
Parser:                               </variable: i>
Parser:                             </factor>
Parser:                           </term>
Parser:                           <term opr>
   8:    end; 
Parser:                           </term opr>
Parser:                           <term>
Parser:                             <factor>
Parser:                               <unsigned constant>
Parser:                                 <number literal>
Parser:                                 </number literal: 1>
Parser:                               </unsigned constant>
Parser:                             </factor>
Parser:                           </term>
Parser:                         </simple expr>
Parser:                       </expression>
Parser:                     </assign statm>
Parser:                   </statement>
Parser:                 </statm list>
   9:    write(eol); 
Parser:               </compound statm>
Parser:             </statement>
Parser:           </while-statm>
Parser:         </statement>
Parser:         <statement>
Parser:           <proc call>
Parser:             <expression>
Parser:               <simple expr>
Parser:                 <term>
Parser:                   <factor>
Parser:                     <variable>
Parser:                     </variable: eol>
Parser:                   </factor>
Parser:                 </term>
Parser:               </simple expr>
Parser:             </expression>
  10: end. 
Parser:           </proc call>
Parser:         </statement>
Parser:         <statement>
Parser:           <empty statm>
Parser:           </empty statm>
Parser:         </statement>
Parser:       </statm list>
Parser:     </block>
Parser:   </program>
program tenstars;
const
  n = 10;
var
  i: integer;
begin
  i := i + 1
  while i < n do
    begin
      write('*');
      i := i + 1
    end;
  write(eol);

end.
