   1: program DoubleMinus; 
Parser:   <program>
   2: var x: integer;   y: integer; 
Parser:     <block>
Parser:       <var decl part>
Parser:         <var decl>
Parser:           <type>
Parser:             <type name>
Parser:             </type name>
Parser:           </type>
Parser:         </var decl>
Parser:         <var decl>
Parser:           <type>
Parser:             <type name>
   3: begin 
Parser:             </type name>
Parser:           </type>
   4:    x := -2;  y := --x; 
Parser:         </var decl>
Parser:       </var decl part>
Parser:       <statm list>
Parser:         <statement>
Parser:           <assign statm>
Parser:             <variable>
Parser:             </variable>
Parser:             <expression>
Parser:               <simple expr>
Parser:                 <prefix opr>
Parser:                 </prefix opr>
Parser:                 <term>
Parser:                   <factor>
Parser:                     <unsigned constant>
Parser:                       <number literal>
Parser:                       </number literal>
Parser:                     </unsigned constant>
Parser:                   </factor>
Parser:                 </term>
Parser:               </simple expr>
Parser:             </expression>
Parser:           </assign statm>
Parser:         </statement>
Parser:         <statement>
Parser:           <assign statm>
Parser:             <variable>
Parser:             </variable>
Parser:             <expression>
Parser:               <simple expr>
Parser:                 <prefix opr>
Parser:                 </prefix opr>
Expected a value but found a -!
